<?xml version="1.0" encoding="UTF-8"?>
<testng-results ignored="0" total="1" passed="0" failed="1" skipped="0">
  <reporter-output>
    <line>
      <![CDATA[************************ Android Session Started ************************]]>
    </line>
    <line>
      <![CDATA[************************ Android Session End ************************]]>
    </line>
  </reporter-output>
  <suite started-at="2023-06-23T13:51:35 IST" name="Default suite" finished-at="2023-06-23T13:55:19 IST" duration-ms="224003">
    <groups>
    </groups>
    <test started-at="2023-06-23T13:51:35 IST" name="Default test" finished-at="2023-06-23T13:55:19 IST" duration-ms="224003">
      <class name="CUK_forget_Username_Password.forget_username">
        <test-method is-config="true" signature="setupApplication()[pri:0, instance:CUK_forget_Username_Password.forget_username@268f106e]" started-at="2023-06-23T13:51:35 IST" name="setupApplication" finished-at="2023-06-23T13:54:04 IST" duration-ms="148742" status="PASS">
          <reporter-output>
            <line>
              <![CDATA[************************ Android Session Started ************************]]>
            </line>
          </reporter-output>
        </test-method> <!-- setupApplication -->
        <test-method signature="Forget_Username()[pri:0, instance:CUK_forget_Username_Password.forget_username@268f106e]" started-at="2023-06-23T13:54:04 IST" name="Forget_Username" finished-at="2023-06-23T13:55:14 IST" duration-ms="70069" status="FAIL">
          <exception class="org.openqa.selenium.TimeoutException">
            <message>
              <![CDATA[Expected condition failed: waiting for visibility of element located by By.id: textForgotUsername (tried for 70 second(s) with 500 milliseconds interval)
Build info: version: '4.1.3', revision: '7b1ebf28ef'
System info: host: 'DESKTOP-ROHIT', ip: '192.168.189.38', os.name: 'Windows 10', os.arch: 'amd64', os.version: '10.0', java.version: '11.0.18'
Driver info: io.appium.java_client.android.AndroidDriver
Capabilities {appium:app: C:\Users\ABC\Downloads\app-..., appium:appPackage: com.geecon.compassionuk_dev, appium:databaseEnabled: false, appium:desired: {app: C:\Users\ABC\Downloads\app-..., deviceName: Android Emulator, platformName: android}, appium:deviceApiLevel: 33, appium:deviceManufacturer: Google, appium:deviceModel: sdk_gphone64_x86_64, appium:deviceName: emulator-5554, appium:deviceScreenDensity: 560, appium:deviceScreenSize: 1440x2560, appium:deviceUDID: emulator-5554, appium:javascriptEnabled: true, appium:locationContextEnabled: false, appium:networkConnectionEnabled: true, appium:pixelRatio: 3.5, appium:platformVersion: 13, appium:statBarHeight: 84, appium:takesScreenshot: true, appium:viewportRect: {height: 2392, left: 0, top: 84, width: 1440}, appium:warnings: {}, appium:webStorageEnabled: false, platformName: android}
Session ID: d219b1cd-bab3-4682-9efb-d5749c6fb4b1]]>
            </message>
            <full-stacktrace>
              <![CDATA[org.openqa.selenium.TimeoutException: Expected condition failed: waiting for visibility of element located by By.id: textForgotUsername (tried for 70 second(s) with 500 milliseconds interval)
Build info: version: '4.1.3', revision: '7b1ebf28ef'
System info: host: 'DESKTOP-ROHIT', ip: '192.168.189.38', os.name: 'Windows 10', os.arch: 'amd64', os.version: '10.0', java.version: '11.0.18'
Driver info: io.appium.java_client.android.AndroidDriver
Capabilities {appium:app: C:\Users\ABC\Downloads\app-..., appium:appPackage: com.geecon.compassionuk_dev, appium:databaseEnabled: false, appium:desired: {app: C:\Users\ABC\Downloads\app-..., deviceName: Android Emulator, platformName: android}, appium:deviceApiLevel: 33, appium:deviceManufacturer: Google, appium:deviceModel: sdk_gphone64_x86_64, appium:deviceName: emulator-5554, appium:deviceScreenDensity: 560, appium:deviceScreenSize: 1440x2560, appium:deviceUDID: emulator-5554, appium:javascriptEnabled: true, appium:locationContextEnabled: false, appium:networkConnectionEnabled: true, appium:pixelRatio: 3.5, appium:platformVersion: 13, appium:statBarHeight: 84, appium:takesScreenshot: true, appium:viewportRect: {height: 2392, left: 0, top: 84, width: 1440}, appium:warnings: {}, appium:webStorageEnabled: false, platformName: android}
Session ID: d219b1cd-bab3-4682-9efb-d5749c6fb4b1
at org.openqa.selenium.support.ui.WebDriverWait.timeoutException(WebDriverWait.java:87)
at org.openqa.selenium.support.ui.FluentWait.until(FluentWait.java:231)
at CUK_forget_Username_Password.forget_username.Forget_Username(forget_username.java:24)
at java.base/jdk.internal.reflect.NativeMethodAccessorImpl.invoke0(Native Method)
at java.base/jdk.internal.reflect.NativeMethodAccessorImpl.invoke(NativeMethodAccessorImpl.java:62)
at java.base/jdk.internal.reflect.DelegatingMethodAccessorImpl.invoke(DelegatingMethodAccessorImpl.java:43)
at java.base/java.lang.reflect.Method.invoke(Method.java:566)
at org.testng.internal.invokers.MethodInvocationHelper.invokeMethod(MethodInvocationHelper.java:139)
at org.testng.internal.invokers.TestInvoker.invokeMethod(TestInvoker.java:677)
at org.testng.internal.invokers.TestInvoker.invokeTestMethod(TestInvoker.java:221)
at org.testng.internal.invokers.MethodRunner.runInSequence(MethodRunner.java:50)
at org.testng.internal.invokers.TestInvoker$MethodInvocationAgent.invoke(TestInvoker.java:969)
at org.testng.internal.invokers.TestInvoker.invokeTestMethods(TestInvoker.java:194)
at org.testng.internal.invokers.TestMethodWorker.invokeTestMethods(TestMethodWorker.java:148)
at org.testng.internal.invokers.TestMethodWorker.run(TestMethodWorker.java:128)
at java.base/java.util.ArrayList.forEach(ArrayList.java:1541)
at org.testng.TestRunner.privateRun(TestRunner.java:829)
at org.testng.TestRunner.run(TestRunner.java:602)
at org.testng.SuiteRunner.runTest(SuiteRunner.java:437)
at org.testng.SuiteRunner.runSequentially(SuiteRunner.java:431)
at org.testng.SuiteRunner.privateRun(SuiteRunner.java:391)
at org.testng.SuiteRunner.run(SuiteRunner.java:330)
at org.testng.SuiteRunnerWorker.runSuite(SuiteRunnerWorker.java:52)
at org.testng.SuiteRunnerWorker.run(SuiteRunnerWorker.java:95)
at org.testng.TestNG.runSuitesSequentially(TestNG.java:1256)
at org.testng.TestNG.runSuitesLocally(TestNG.java:1176)
at org.testng.TestNG.runSuites(TestNG.java:1099)
at org.testng.TestNG.run(TestNG.java:1067)
at org.testng.remote.AbstractRemoteTestNG.run(AbstractRemoteTestNG.java:115)
at org.testng.remote.RemoteTestNG.initAndRun(RemoteTestNG.java:251)
at org.testng.remote.RemoteTestNG.main(RemoteTestNG.java:77)
]]>
            </full-stacktrace>
          </exception> <!-- org.openqa.selenium.TimeoutException -->
          <reporter-output>
          </reporter-output>
        </test-method> <!-- Forget_Username -->
        <test-method is-config="true" signature="closeApplication()[pri:0, instance:CUK_forget_Username_Password.forget_username@268f106e]" started-at="2023-06-23T13:55:14 IST" name="closeApplication" finished-at="2023-06-23T13:55:19 IST" duration-ms="4867" status="PASS">
          <reporter-output>
            <line>
              <![CDATA[************************ Android Session End ************************]]>
            </line>
          </reporter-output>
        </test-method> <!-- closeApplication -->
      </class> <!-- CUK_forget_Username_Password.forget_username -->
    </test> <!-- Default test -->
  </suite> <!-- Default suite -->
</testng-results>
